<?xml version="1.0" encoding="UTF-8"?>
<testsuite name="WelcomeMessageTest" tests="1" skipped="0" failures="0" errors="0" timestamp="2015-08-04T19:16:58" hostname="mfreyre.local" time="0.132">
  <properties/>
  <testcase name="testPrintsWelcomeUponOpening" classname="WelcomeMessageTest" time="0.132"/>
  <system-out><![CDATA[]]></system-out>
  <system-err><![CDATA[]]></system-err>
</testsuite>
