<?xml version="1.0" encoding="UTF-8"?>
<testsuite name="LibraryTest" tests="3" skipped="0" failures="0" errors="0" timestamp="2015-08-04T20:28:50" hostname="mfreyre.local" time="0.124">
  <properties/>
  <testcase name="shouldPrintWelcome" classname="LibraryTest" time="0.122"/>
  <testcase name="shouldListAllLibraryBooksWhenBooksExist" classname="LibraryTest" time="0.0"/>
  <testcase name="shouldPrintNothingWhenNoLibraryBooksExist" classname="LibraryTest" time="0.0"/>
  <system-out><![CDATA[]]></system-out>
  <system-err><![CDATA[]]></system-err>
</testsuite>
